PDFiD 0.2.5 //pdf-source/pdf/buchman2016tendermint.pdf
 PDF Header: %PDF-1.5
 obj                  417
 endobj               417
 stream               416
 endstream            416
 xref                   0
 trailer                0
 startxref              1
 /Page                  0
 /Encrypt               0
 /ObjStm                4
 /JS                    0
 /JavaScript            0
 /AA                    0
 /OpenAction            0
 /AcroForm              0
 /JBIG2Decode           0
 /RichMedia             0
 /Launch                0
 /EmbeddedFile          0
 /XFA                   0
 /URI                   0
 /Colors > 2^24         0

Triage plugin score:        0.75
Triage plugin instructions: /ObjStm detected, analyze sample with pdfid-objstm.bat
Results:
Malicious: 
Clean: 
Requires further analysis: 1
number of samples: 1
