File: pdf-with-shellcode.pdf
MD5: b8f03f1896b14e79382c6670d6e2342c
SHA1: edd629b4268281ea92537f3a13cb9e76d1b959b8
SHA256: d384946d9ab39ac83161ab304ab0cbf36f0db41843ab6f4a0e360eb2a00c5f1c
Size: 6604 bytes
Detection: File not found on VirusTotal
Version: 1.5
Binary: True
Linearized: False
Encrypted: False
Updates: 0
Objects: 6
Streams: 1
URIs: 0
Comments: 0
Errors: 0

Version 0:
	Catalog: 1
	Info: No
	Objects (6): [1, 2, 3, 4, 5, 6]
		Errors (1): [6]
	Streams (1): [6]
		Encoded (1): [6]
	Objects with JS code (1): [6]
	Suspicious elements:
		/OpenAction (1): [1]
		/JS (1): [5]
		/JavaScript (1): [5]
		util.printf (CVE-2008-2992) (1): [6]



File: test.pdf
MD5: e8a40d0be06ebec9a73b235f68382ba1
SHA1: 45025b5eda6563cc353a218270342d8b5177f39d
SHA256: bb076d6a1a9d6b7e2d2026be3223f020de20af9e3ff9e0a678f2bef4d21d9f09
Size: 618646 bytes
Detection: 0/62
Detection report: https://www.virustotal.com/file/bb076d6a1a9d6b7e2d2026be3223f020de20af9e3ff9e0a678f2bef4d21d9f09/analysis/1529814392/
Version: 1.3
Binary: True
Linearized: False
Encrypted: False
Updates: 0
Objects: 375
Streams: 138
URIs: 0
Comments: 0
Errors: 0

Version 0:
	Catalog: 257
	Info: 255
	Objects (375): [1, 2, 3, 4, 5, 6, 7, 8, 9, 10, 11, 12, 13, 14, 15, 16, 17, 18, 19, 20, 21, 22, 23, 24, 25, 26, 27, 28, 29, 30, 31, 32, 33, 34, 35, 36, 37, 38, 39, 40, 41, 42, 43, 44, 45, 46, 47, 48, 49, 50, 51, 52, 53, 54, 55, 56, 57, 58, 59, 60, 61, 62, 63, 64, 65, 66, 67, 68, 69, 70, 71, 72, 73, 74, 75, 76, 77, 78, 79, 80, 81, 82, 83, 84, 85, 86, 87, 88, 89, 90, 91, 92, 93, 94, 95, 96, 97, 98, 99, 100, 101, 102, 103, 104, 105, 106, 107, 108, 109, 110, 111, 112, 113, 114, 115, 116, 117, 118, 119, 120, 121, 122, 123, 124, 125, 126, 127, 128, 129, 130, 131, 132, 133, 134, 135, 136, 137, 138, 139, 140, 141, 142, 143, 144, 145, 146, 147, 148, 149, 150, 151, 152, 153, 154, 155, 156, 157, 158, 159, 160, 161, 162, 163, 164, 165, 166, 167, 168, 169, 170, 171, 172, 173, 174, 175, 176, 177, 178, 179, 180, 181, 182, 183, 184, 185, 186, 187, 188, 189, 190, 191, 192, 193, 194, 195, 196, 197, 198, 199, 200, 201, 202, 203, 204, 205, 206, 207, 208, 209, 210, 211, 212, 213, 214, 215, 216, 217, 218, 219, 220, 221, 222, 223, 224, 225, 226, 227, 228, 229, 230, 231, 232, 233, 234, 235, 236, 237, 238, 239, 240, 241, 242, 243, 244, 245, 246, 247, 248, 249, 250, 251, 252, 253, 254, 255, 256, 257, 258, 259, 260, 261, 262, 263, 264, 265, 266, 267, 268, 269, 270, 271, 272, 273, 274, 275, 276, 277, 278, 279, 280, 281, 282, 283, 284, 285, 286, 287, 288, 289, 290, 291, 292, 293, 294, 295, 296, 297, 298, 299, 300, 301, 302, 303, 304, 305, 306, 307, 308, 309, 310, 311, 312, 313, 314, 315, 316, 317, 318, 319, 320, 321, 322, 323, 324, 325, 326, 327, 328, 329, 330, 331, 332, 333, 334, 335, 336, 337, 338, 339, 340, 341, 342, 343, 344, 345, 346, 347, 348, 349, 350, 351, 352, 353, 354, 355, 356, 357, 358, 359, 360, 361, 362, 363, 364, 365, 366, 367, 368, 369, 370, 371, 372, 373, 374, 375]
		Errors (1): [10]
	Streams (138): [2, 10, 14, 19, 26, 29, 32, 35, 38, 41, 44, 46, 49, 56, 59, 62, 65, 68, 71, 74, 77, 80, 83, 87, 90, 94, 97, 99, 102, 106, 109, 113, 115, 118, 121, 125, 128, 131, 134, 137, 140, 142, 145, 148, 151, 154, 158, 161, 164, 167, 170, 173, 176, 179, 182, 185, 189, 192, 195, 198, 201, 204, 206, 208, 210, 212, 214, 216, 218, 220, 222, 224, 226, 228, 230, 232, 235, 237, 239, 241, 256, 259, 261, 263, 265, 267, 269, 271, 273, 275, 277, 279, 281, 283, 285, 287, 289, 291, 293, 295, 297, 299, 301, 303, 305, 307, 309, 311, 313, 315, 317, 319, 321, 323, 325, 327, 329, 331, 333, 335, 337, 339, 341, 343, 345, 347, 349, 351, 353, 355, 357, 359, 361, 363, 365, 367, 369, 371]
		Encoded (133): [2, 10, 14, 19, 26, 29, 32, 35, 38, 41, 44, 49, 56, 59, 62, 65, 68, 71, 74, 77, 80, 83, 87, 90, 94, 97, 102, 106, 109, 113, 118, 121, 125, 128, 131, 134, 137, 140, 145, 148, 151, 154, 158, 161, 164, 167, 170, 173, 176, 179, 182, 185, 189, 192, 195, 198, 201, 204, 206, 208, 210, 212, 214, 216, 218, 220, 222, 224, 226, 228, 230, 232, 235, 237, 239, 241, 259, 261, 263, 265, 267, 269, 271, 273, 275, 277, 279, 281, 283, 285, 287, 289, 291, 293, 295, 297, 299, 301, 303, 305, 307, 309, 311, 313, 315, 317, 319, 321, 323, 325, 327, 329, 331, 333, 335, 337, 339, 341, 343, 345, 347, 349, 351, 353, 355, 357, 359, 361, 363, 365, 367, 369, 371]
		Decoding errors (1): [10]


